<?xml version="1.0" encoding="utf-8"?><testsuites name="pytest tests"><testsuite name="pytest" errors="0" failures="0" skipped="0" tests="72" time="104.137" timestamp="2026-05-08T12:06:36.510276+00:00" hostname="agent-env-b0eb74c7-af2f-43ff-b67a-18535c438b70"><testcase classname="backend.tests.backend_test" name="test_root" time="0.263" /><testcase classname="backend.tests.backend_test" name="test_whatsapp_contact" time="0.062" /><testcase classname="backend.tests.backend_test" name="test_register_parent" time="0.294" /><testcase classname="backend.tests.backend_test" name="test_register_teacher" time="0.297" /><testcase classname="backend.tests.backend_test" name="test_register_duplicate" time="0.067" /><testcase classname="backend.tests.backend_test" name="test_register_invalid_role" time="0.063" /><testcase classname="backend.tests.backend_test" name="test_login_principal" time="0.382" /><testcase classname="backend.tests.backend_test" name="test_login_role_mismatch" time="0.286" /><testcase classname="backend.tests.backend_test" name="test_login_wrong_password" time="0.289" /><testcase classname="backend.tests.backend_test" name="test_me_with_token" time="0.079" /><testcase classname="backend.tests.backend_test" name="test_me_no_token" time="0.064" /><testcase classname="backend.tests.backend_test" name="test_astrology_niche" time="7.708" /><testcase classname="backend.tests.backend_test" name="test_astrology_history" time="0.070" /><testcase classname="backend.tests.backend_test" name="test_astrology_unauth" time="0.064" /><testcase classname="backend.tests.backend_test" name="test_recommendations" time="21.790" /><testcase classname="backend.tests.backend_test" name="test_parent_cannot_create_student" time="0.071" /><testcase classname="backend.tests.backend_test" name="test_teacher_creates_and_lists_students" time="0.134" /><testcase classname="backend.tests.backend_test" name="test_principal_sees_all_students" time="0.063" /><testcase classname="backend.tests.backend_test" name="test_teacher_deletes_student" time="0.133" /><testcase classname="backend.tests.backend_test" name="test_analytics_principal" time="0.081" /><testcase classname="backend.tests.backend_test" name="test_analytics_forbidden_for_parent" time="0.061" /><testcase classname="backend.tests.backend_test" name="test_analytics_forbidden_for_teacher" time="0.061" /><testcase classname="backend.tests.backend_test" name="test_sentiment_analyze_unauth" time="0.063" /><testcase classname="backend.tests.backend_test" name="test_sentiment_records_unauth" time="0.064" /><testcase classname="backend.tests.backend_test" name="test_sentiment_summary_unauth" time="0.063" /><testcase classname="backend.tests.backend_test" name="test_sentiment_analyze_schema" time="17.826" /><testcase classname="backend.tests.backend_test" name="test_sentiment_records_create_parent" time="5.794" /><testcase classname="backend.tests.backend_test" name="test_sentiment_records_create_teacher_journal" time="6.460" /><testcase classname="backend.tests.backend_test" name="test_sentiment_records_create_principal_note" time="6.089" /><testcase classname="backend.tests.backend_test" name="test_sentiment_records_visibility_parent" time="0.075" /><testcase classname="backend.tests.backend_test" name="test_sentiment_records_visibility_teacher" time="0.074" /><testcase classname="backend.tests.backend_test" name="test_sentiment_records_visibility_principal" time="0.062" /><testcase classname="backend.tests.backend_test" name="test_sentiment_records_kind_filter" time="0.065" /><testcase classname="backend.tests.backend_test" name="test_sentiment_summary_parent_forbidden" time="0.064" /><testcase classname="backend.tests.backend_test" name="test_sentiment_summary_teacher_ok" time="0.065" /><testcase classname="backend.tests.backend_test" name="test_sentiment_summary_principal_ok" time="0.067" /><testcase classname="backend.tests.backend_test" name="test_sentiment_delete_non_owner_forbidden" time="0.062" /><testcase classname="backend.tests.backend_test" name="test_sentiment_delete_owner" time="0.125" /><testcase classname="backend.tests.backend_test" name="test_sentiment_delete_principal_any" time="0.130" /><testcase classname="backend.tests.backend_test" name="test_sentiment_analyze_validation" time="0.064" /><testcase classname="backend.tests.backend_test" name="test_children_create_parent" time="0.066" /><testcase classname="backend.tests.backend_test" name="test_children_create_teacher_forbidden" time="0.061" /><testcase classname="backend.tests.backend_test" name="test_children_list_parent_sees_own" time="0.071" /><testcase classname="backend.tests.backend_test" name="test_children_list_principal_sees_all" time="0.063" /><testcase classname="backend.tests.backend_test" name="test_children_list_teacher_forbidden" time="0.062" /><testcase classname="backend.tests.backend_test" name="test_children_patch_parent" time="0.128" /><testcase classname="backend.tests.backend_test" name="test_children_patch_other_parent_404" time="0.355" /><testcase classname="backend.tests.backend_test" name="test_children_delete_other_parent_404" time="0.060" /><testcase classname="backend.tests.backend_test" name="test_astrology_with_child_id" time="6.611" /><testcase classname="backend.tests.backend_test" name="test_astrology_history_filter_child_id" time="0.065" /><testcase classname="backend.tests.backend_test" name="test_sentiment_record_with_child_id" time="5.533" /><testcase classname="backend.tests.backend_test" name="test_sentiment_records_filter_child_id" time="0.065" /><testcase classname="backend.tests.backend_test" name="test_sentiment_trend_default_30" time="0.063" /><testcase classname="backend.tests.backend_test" name="test_sentiment_trend_days_7" time="0.064" /><testcase classname="backend.tests.backend_test" name="test_sentiment_trend_teacher_allowed" time="0.064" /><testcase classname="backend.tests.backend_test" name="test_sentiment_trend_parent_allowed" time="0.063" /><testcase classname="backend.tests.backend_test" name="test_sentiment_trend_days_out_of_range" time="0.123" /><testcase classname="backend.tests.backend_test" name="test_sentiment_trend_aggregation_today_bucket" time="7.985" /><testcase classname="backend.tests.backend_test" name="test_analytics_includes_total_children" time="0.066" /><testcase classname="backend.tests.backend_test" name="test_children_delete_parent_own" time="0.190" /><testcase classname="backend.tests.backend_test" name="test_schools_me_principal_demo" time="0.073" /><testcase classname="backend.tests.backend_test" name="test_schools_join_bad_code" time="0.367" /><testcase classname="backend.tests.backend_test" name="test_schools_join_principal_forbidden" time="0.066" /><testcase classname="backend.tests.backend_test" name="test_schools_join_valid_demo" time="0.062" /><testcase classname="backend.tests.backend_test" name="test_schools_create_principal_already_has_school" time="0.063" /><testcase classname="backend.tests.backend_test" name="test_schools_create_new_principal_school_b" time="0.377" /><testcase classname="backend.tests.backend_test" name="test_schools_subscribe_mocked_pro" time="0.136" /><testcase classname="backend.tests.backend_test" name="test_schools_isolation_school_a_vs_b" time="0.313" /><testcase classname="backend.tests.backend_test" name="test_schools_leave_principal_forbidden" time="0.067" /><testcase classname="backend.tests.backend_test" name="test_schools_leave_teacher_ok" time="0.069" /><testcase classname="backend.tests.backend_test" name="test_sentiment_trend_kind_filter" time="0.064" /><testcase classname="backend.tests.backend_test" name="test_sentiment_trend_child_id_filter_parent" time="10.791" /></testsuite></testsuites>