<?xml version="1.0" encoding="utf-8"?><testsuites name="pytest tests"><testsuite name="pytest" errors="0" failures="0" skipped="0" tests="22" time="34.197" timestamp="2026-05-08T10:42:59.907873+00:00" hostname="agent-env-b0eb74c7-af2f-43ff-b67a-18535c438b70"><testcase classname="backend.tests.backend_test" name="test_root" time="0.242" /><testcase classname="backend.tests.backend_test" name="test_whatsapp_contact" time="0.045" /><testcase classname="backend.tests.backend_test" name="test_register_parent" time="0.279" /><testcase classname="backend.tests.backend_test" name="test_register_teacher" time="0.267" /><testcase classname="backend.tests.backend_test" name="test_register_duplicate" time="0.044" /><testcase classname="backend.tests.backend_test" name="test_register_invalid_role" time="0.049" /><testcase classname="backend.tests.backend_test" name="test_login_principal" time="0.269" /><testcase classname="backend.tests.backend_test" name="test_login_role_mismatch" time="0.267" /><testcase classname="backend.tests.backend_test" name="test_login_wrong_password" time="0.264" /><testcase classname="backend.tests.backend_test" name="test_me_with_token" time="0.048" /><testcase classname="backend.tests.backend_test" name="test_me_no_token" time="0.041" /><testcase classname="backend.tests.backend_test" name="test_astrology_niche" time="7.868" /><testcase classname="backend.tests.backend_test" name="test_astrology_history" time="0.060" /><testcase classname="backend.tests.backend_test" name="test_astrology_unauth" time="0.042" /><testcase classname="backend.tests.backend_test" name="test_recommendations" time="23.703" /><testcase classname="backend.tests.backend_test" name="test_parent_cannot_create_student" time="0.051" /><testcase classname="backend.tests.backend_test" name="test_teacher_creates_and_lists_students" time="0.095" /><testcase classname="backend.tests.backend_test" name="test_principal_sees_all_students" time="0.046" /><testcase classname="backend.tests.backend_test" name="test_teacher_deletes_student" time="0.091" /><testcase classname="backend.tests.backend_test" name="test_analytics_principal" time="0.072" /><testcase classname="backend.tests.backend_test" name="test_analytics_forbidden_for_parent" time="0.044" /><testcase classname="backend.tests.backend_test" name="test_analytics_forbidden_for_teacher" time="0.057" /></testsuite></testsuites>